<?xml version="1.0" encoding="UTF-8"?>
<!-- Generated by org.testng.reporters.JUnitXMLReporter -->
<testsuite ignored="0" hostname="LAPTOP-3QQ5MNB4" failures="0" tests="1" name="Default test" time="3.582" errors="0" timestamp="2023-01-30T10:17:05 IST">
  <testcase classname="com.RingPay.TestScripts.RingPayTestScripts" name="@BeforeTest Before" time="3.52">
    <skipped/>
  </testcase> <!-- @BeforeTest Before -->
  <testcase classname="com.RingPay.TestScripts.RingPayTestScripts" name="@AfterTest ringAppQuit" time="-1.675054025617E9">
    <skipped/>
  </testcase> <!-- @AfterTest ringAppQuit -->
  <testcase classname="com.RingPay.TestScripts.RingPayTestScripts" name="offerFlow" time="0.0">
    <skipped/>
  </testcase> <!-- offerFlow -->
</testsuite> <!-- Default test -->
